<?xml version="1.0" encoding="UTF-8" standalone="no"?>
<!DOCTYPE log SYSTEM "logger.dtd">
<log>
<record>
  <date>2018-07-03T16:41:47</date>
  <millis>1530650507315</millis>
  <sequence>0</sequence>
  <level>START</level>
  <class>com.kms.katalon.core.logging.KeywordLogger</class>
  <method>startSuite</method>
  <thread>1</thread>
  <message>Start Test Suite : Test Suites/ECR</message>
  <nestedLevel>0</nestedLevel>
  <property name="name">ECR</property>
  <property name="description"></property>
  <property name="id">Test Suites/ECR</property>
</record>
<record>
  <date>2018-07-03T16:41:47</date>
  <millis>1530650507388</millis>
  <sequence>1</sequence>
  <level>RUN_DATA</level>
  <class>com.kms.katalon.core.logging.KeywordLogger</class>
  <method>logMessage</method>
  <thread>1</thread>
  <message>Logging run data &amp;apos;hostName&amp;apos; with value &amp;apos;nipin - L22622WUS.rpega.com&amp;apos;</message>
  <nestedLevel>0</nestedLevel>
  <property name="hostName">nipin - L22622WUS.rpega.com</property>
</record>
<record>
  <date>2018-07-03T16:41:47</date>
  <millis>1530650507390</millis>
  <sequence>2</sequence>
  <level>RUN_DATA</level>
  <class>com.kms.katalon.core.logging.KeywordLogger</class>
  <method>logMessage</method>
  <thread>1</thread>
  <message>Logging run data &amp;apos;os&amp;apos; with value &amp;apos;Windows 7 64bit&amp;apos;</message>
  <nestedLevel>0</nestedLevel>
  <property name="os">Windows 7 64bit</property>
</record>
<record>
  <date>2018-07-03T16:41:47</date>
  <millis>1530650507392</millis>
  <sequence>3</sequence>
  <level>RUN_DATA</level>
  <class>com.kms.katalon.core.logging.KeywordLogger</class>
  <method>logMessage</method>
  <thread>1</thread>
  <message>Logging run data &amp;apos;hostAddress&amp;apos; with value &amp;apos;10.2.176.65&amp;apos;</message>
  <nestedLevel>0</nestedLevel>
  <property name="hostAddress">10.2.176.65</property>
</record>
<record>
  <date>2018-07-03T16:41:47</date>
  <millis>1530650507396</millis>
  <sequence>4</sequence>
  <level>RUN_DATA</level>
  <class>com.kms.katalon.core.logging.KeywordLogger</class>
  <method>logMessage</method>
  <thread>1</thread>
  <message>Logging run data &amp;apos;katalonVersion&amp;apos; with value &amp;apos;5.4.1.1&amp;apos;</message>
  <nestedLevel>0</nestedLevel>
  <property name="katalonVersion">5.4.1.1</property>
</record>
<record>
  <date>2018-07-03T16:41:48</date>
  <millis>1530650508200</millis>
  <sequence>5</sequence>
  <level>START</level>
  <class>com.kms.katalon.core.logging.KeywordLogger</class>
  <method>startTest</method>
  <thread>1</thread>
  <message>Start Test Case : Test Cases/ECR/TestCases/ECR_Create_Approve_DataDriven</message>
  <nestedLevel>1</nestedLevel>
  <property name="name">Test Cases/ECR/TestCases/ECR_Create_Approve_DataDriven</property>
  <property name="description"></property>
  <property name="id">Test Cases/ECR/TestCases/ECR_Create_Approve_DataDriven</property>
  <property name="source">C:\\DAUIAutomation\\Test Cases\\ECR\\TestCases\\ECR_Create_Approve_DataDriven.tc</property>
  <property name="isOptional">false</property>
</record>
<record>
  <date>2018-07-03T16:41:48</date>
  <millis>1530650508350</millis>
  <sequence>6</sequence>
  <level>INFO</level>
  <class>com.kms.katalon.core.logging.KeywordLogger</class>
  <method>logMessage</method>
  <thread>1</thread>
  <message>Evaluating variables for test case</message>
  <nestedLevel>1</nestedLevel>
</record>
<record>
  <date>2018-07-03T16:41:48</date>
  <millis>1530650508358</millis>
  <sequence>7</sequence>
  <level>INFO</level>
  <class>com.kms.katalon.core.logging.KeywordLogger</class>
  <method>logMessage</method>
  <thread>1</thread>
  <message>Variable &amp;apos;RD&amp;apos; is set to martw@pegasystems.com</message>
  <nestedLevel>1</nestedLevel>
</record>
<record>
  <date>2018-07-03T16:41:48</date>
  <millis>1530650508365</millis>
  <sequence>8</sequence>
  <level>INFO</level>
  <class>com.kms.katalon.core.logging.KeywordLogger</class>
  <method>logMessage</method>
  <thread>1</thread>
  <message>Variable &amp;apos;RL&amp;apos; is set to panee@pegasystems.com</message>
  <nestedLevel>1</nestedLevel>
</record>
<record>
  <date>2018-07-03T16:41:48</date>
  <millis>1530650508368</millis>
  <sequence>9</sequence>
  <level>INFO</level>
  <class>com.kms.katalon.core.logging.KeywordLogger</class>
  <method>logMessage</method>
  <thread>1</thread>
  <message>Variable &amp;apos;PL&amp;apos; is set to hendj@pegasystems.com</message>
  <nestedLevel>1</nestedLevel>
</record>
<record>
  <date>2018-07-03T16:41:48</date>
  <millis>1530650508372</millis>
  <sequence>10</sequence>
  <level>INFO</level>
  <class>com.kms.katalon.core.logging.KeywordLogger</class>
  <method>logMessage</method>
  <thread>1</thread>
  <message>Variable &amp;apos;ORG&amp;apos; is set to FFTHRDBANK</message>
  <nestedLevel>1</nestedLevel>
</record>
<record>
  <date>2018-07-03T16:41:48</date>
  <millis>1530650508385</millis>
  <sequence>11</sequence>
  <level>INFO</level>
  <class>com.kms.katalon.core.logging.KeywordLogger</class>
  <method>logMessage</method>
  <thread>1</thread>
  <message>Variable &amp;apos;ACC&amp;apos; is set to CHFTB</message>
  <nestedLevel>1</nestedLevel>
</record>
<record>
  <date>2018-07-03T16:41:48</date>
  <millis>1530650508546</millis>
  <sequence>12</sequence>
  <level>INFO</level>
  <class>com.kms.katalon.core.logging.KeywordLogger</class>
  <method>logMessage</method>
  <thread>1</thread>
  <message>Variable &amp;apos;ENG&amp;apos; is set to  as default</message>
  <nestedLevel>1</nestedLevel>
</record>
<record>
  <date>2018-07-03T16:41:48</date>
  <millis>1530650508547</millis>
  <sequence>13</sequence>
  <level>INFO</level>
  <class>com.kms.katalon.core.logging.KeywordLogger</class>
  <method>logMessage</method>
  <thread>1</thread>
  <message>Variable &amp;apos;PLTL&amp;apos; is set to higgr@pegasystems.com</message>
  <nestedLevel>1</nestedLevel>
</record>
<record>
  <date>2018-07-03T16:41:48</date>
  <millis>1530650508578</millis>
  <sequence>14</sequence>
  <level>INFO</level>
  <class>com.kms.katalon.core.logging.KeywordLogger</class>
  <method>logMessage</method>
  <thread>1</thread>
  <message>Variable &amp;apos;TestDataFile&amp;apos; is set to \\Data Files\\ECR\\TestDataECR.xlsx as default</message>
  <nestedLevel>1</nestedLevel>
</record>
<record>
  <date>2018-07-03T16:41:48</date>
  <millis>1530650508580</millis>
  <sequence>15</sequence>
  <level>INFO</level>
  <class>com.kms.katalon.core.logging.KeywordLogger</class>
  <method>logMessage</method>
  <thread>1</thread>
  <message>Variable &amp;apos;TestCaseno&amp;apos; is set to 2</message>
  <nestedLevel>1</nestedLevel>
</record>
<record>
  <date>2018-07-03T16:41:48</date>
  <millis>1530650508581</millis>
  <sequence>16</sequence>
  <level>INFO</level>
  <class>com.kms.katalon.core.logging.KeywordLogger</class>
  <method>logMessage</method>
  <thread>1</thread>
  <message>Variable &amp;apos;FileLocation&amp;apos; is set to \\Data Files\\ECR\\PCR_2.xlsm</message>
  <nestedLevel>1</nestedLevel>
</record>
<record>
  <date>2018-07-03T16:41:48</date>
  <millis>1530650508582</millis>
  <sequence>17</sequence>
  <level>INFO</level>
  <class>com.kms.katalon.core.logging.KeywordLogger</class>
  <method>logMessage</method>
  <thread>1</thread>
  <message>Variable &amp;apos;RDD&amp;apos; is set to lachd@pegasystems.com</message>
  <nestedLevel>1</nestedLevel>
</record>
<record>
  <date>2018-07-03T16:41:48</date>
  <millis>1530650508582</millis>
  <sequence>18</sequence>
  <level>INFO</level>
  <class>com.kms.katalon.core.logging.KeywordLogger</class>
  <method>logMessage</method>
  <thread>1</thread>
  <message>Variable &amp;apos;CLINIC&amp;apos; is set to diazz@pegasystems.com</message>
  <nestedLevel>1</nestedLevel>
</record>
<record>
  <date>2018-07-03T16:41:48</date>
  <millis>1530650508583</millis>
  <sequence>19</sequence>
  <level>INFO</level>
  <class>com.kms.katalon.core.logging.KeywordLogger</class>
  <method>logMessage</method>
  <thread>1</thread>
  <message>Variable &amp;apos;OPS&amp;apos; is set to pogoa@pegasystems.com</message>
  <nestedLevel>1</nestedLevel>
</record>
<record>
  <date>2018-07-03T16:41:48</date>
  <millis>1530650508584</millis>
  <sequence>20</sequence>
  <level>INFO</level>
  <class>com.kms.katalon.core.logging.KeywordLogger</class>
  <method>logMessage</method>
  <thread>1</thread>
  <message>Variable &amp;apos;EXP&amp;apos; is set to sachb@pegasystems.com</message>
  <nestedLevel>1</nestedLevel>
</record>
<record>
  <date>2018-07-03T16:41:50</date>
  <millis>1530650510023</millis>
  <sequence>21</sequence>
  <level>START</level>
  <class>com.kms.katalon.core.logging.KeywordLogger</class>
  <method>startKeyword</method>
  <thread>1</thread>
  <message>Start action : com.helper.commonfunct.commonutilities.login</message>
  <nestedLevel>1</nestedLevel>
  <property name="startLine">22</property>
  <property name="stepIndex">1</property>
</record>
<record>
  <date>2018-07-03T16:41:51</date>
  <millis>1530650511020</millis>
  <sequence>22</sequence>
  <level>INFO</level>
  <class>com.kms.katalon.core.logging.KeywordLogger</class>
  <method>logMessage</method>
  <thread>1</thread>
  <message>Opening browser</message>
  <nestedLevel>1</nestedLevel>
</record>
<record>
  <date>2018-07-03T16:41:51</date>
  <millis>1530650511036</millis>
  <sequence>23</sequence>
  <level>INFO</level>
  <class>com.kms.katalon.core.logging.KeywordLogger</class>
  <method>logMessage</method>
  <thread>1</thread>
  <message>Starting &amp;apos;Chrome&amp;apos; driver</message>
  <nestedLevel>1</nestedLevel>
</record>
<record>
  <date>2018-07-03T16:41:51</date>
  <millis>1530650511165</millis>
  <sequence>24</sequence>
  <level>INFO</level>
  <class>com.kms.katalon.core.logging.KeywordLogger</class>
  <method>logMessage</method>
  <thread>1</thread>
  <message>Action delay is set to 3 seconds</message>
  <nestedLevel>1</nestedLevel>
</record>
